<?xml version="1.0" encoding="UTF-8" ?>
<testsuite tests="3" failures="3" name="owlapi.fhkb.fspopulation.CW3Test" time="0.955" errors="0" skipped="0">
  <properties>
[...]
</properties>
  <testcase classname="owlapi.fhkb.fspopulation.CW3Test" name="testSave" time="0.907">
    <failure type="junit.framework.AssertionFailedError">junit.framework.AssertionFailedError
	at junit.framework.Assert.fail(Assert.java:47)
	at junit.framework.Assert.assertTrue(Assert.java:20)
	at junit.framework.Assert.assertTrue(Assert.java:27)
	at owlapi.fhkb.fspopulation.CW3Test.testSave(CW3Test.java:68)
</failure>
    <system-err>SLF4J: Failed to load class &quot;org.slf4j.impl.StaticLoggerBinder&quot;.
SLF4J: Defaulting to no-operation (NOP) logger implementation
SLF4J: See http://www.slf4j.org/codes.html#StaticLoggerBinder for further details.
</system-err>
  </testcase>
  <testcase classname="owlapi.fhkb.fspopulation.CW3Test" name="testLoad" time="0.022">
    <failure type="junit.framework.AssertionFailedError">junit.framework.AssertionFailedError
	at junit.framework.Assert.fail(Assert.java:47)
	at junit.framework.Assert.assertTrue(Assert.java:20)
	at junit.framework.Assert.assertTrue(Assert.java:27)
	at owlapi.fhkb.fspopulation.CW3Test.testLoad(CW3Test.java:35)
</failure>
  </testcase>
  <testcase classname="owlapi.fhkb.fspopulation.CW3Test" name="testPopulate" time="0.026">
    <failure type="junit.framework.AssertionFailedError">junit.framework.AssertionFailedError
	at junit.framework.Assert.fail(Assert.java:47)
	at junit.framework.Assert.assertTrue(Assert.java:20)
	at junit.framework.Assert.assertTrue(Assert.java:27)
	at owlapi.fhkb.fspopulation.CW3Test.testPopulate(CW3Test.java:94)
</failure>
  </testcase>
</testsuite>